  main.cpp
D:\github\vcpkg\installed\x64-windows\include\google\protobuf\stubs\status.h(97,15): warning C4251: 'google::protobuf::util::status_internal::Status::error_message_': class 'std::basic_string<char,std::char_traits<char>,std::allocator<char>>'에서는 class 'google::protobuf::util::status_internal::Status'의 클라이언트에서 DLL 인터페이스를 사용하도록 지정해야 합니다.
C:\Program Files\Microsoft Visual Studio\2022\Community\VC\Tools\MSVC\14.33.31629\include\xstring(5186): message : 'std::basic_string<char,std::char_traits<char>,std::allocator<char>>' 선언을 참조하십시오.
D:\github\vcpkg\installed\x64-windows\include\google\protobuf\stubs\logging.h(100,15): warning C4251: 'google::protobuf::internal::LogMessage::message_': class 'std::basic_string<char,std::char_traits<char>,std::allocator<char>>'에서는 class 'google::protobuf::internal::LogMessage'의 클라이언트에서 DLL 인터페이스를 사용하도록 지정해야 합니다.
C:\Program Files\Microsoft Visual Studio\2022\Community\VC\Tools\MSVC\14.33.31629\include\xstring(5186): message : 'std::basic_string<char,std::char_traits<char>,std::allocator<char>>' 선언을 참조하십시오.
D:\github\vcpkg\installed\x64-windows\include\google\protobuf\io\coded_stream.h(1275,28): warning C4251: 'google::protobuf::io::CodedOutputStream::default_serialization_deterministic_': struct 'std::atomic<bool>'에서는 class 'google::protobuf::io::CodedOutputStream'의 클라이언트에서 DLL 인터페이스를 사용하도록 지정해야 합니다.
C:\Program Files\Microsoft Visual Studio\2022\Community\VC\Tools\MSVC\14.33.31629\include\atomic(2686): message : 'std::atomic<bool>' 선언을 참조하십시오.
D:\github\vcpkg\installed\x64-windows\include\google\protobuf\arena_impl.h(401,23): warning C4251: 'google::protobuf::internal::SerialArena::space_allocated_': struct 'std::atomic<unsigned __int64>'에서는 class 'google::protobuf::internal::SerialArena'의 클라이언트에서 DLL 인터페이스를 사용하도록 지정해야 합니다.
C:\Program Files\Microsoft Visual Studio\2022\Community\VC\Tools\MSVC\14.33.31629\include\atomic(2698): message : 'std::atomic<unsigned __int64>' 선언을 참조하십시오.
D:\github\vcpkg\installed\x64-windows\include\google\protobuf\arena_impl.h(532,29): warning C4251: 'google::protobuf::internal::ThreadSafeArena::alloc_policy_': class 'google::protobuf::internal::TaggedAllocationPolicyPtr'에서는 class 'google::protobuf::internal::ThreadSafeArena'의 클라이언트에서 DLL 인터페이스를 사용하도록 지정해야 합니다.
D:\github\vcpkg\installed\x64-windows\include\google\protobuf\arena_impl.h(123): message : 'google::protobuf::internal::TaggedAllocationPolicyPtr' 선언을 참조하십시오.
D:\github\vcpkg\installed\x64-windows\include\google\protobuf\arena_impl.h(537,29): warning C4251: 'google::protobuf::internal::ThreadSafeArena::threads_': struct 'std::atomic<google::protobuf::internal::SerialArena *>'에서는 class 'google::protobuf::internal::ThreadSafeArena'의 클라이언트에서 DLL 인터페이스를 사용하도록 지정해야 합니다.
D:\github\vcpkg\installed\x64-windows\include\google\protobuf\arena_impl.h(537): message : 'std::atomic<google::protobuf::internal::SerialArena *>' 선언을 참조하십시오.
D:\github\vcpkg\installed\x64-windows\include\google\protobuf\arena_impl.h(538,29): warning C4251: 'google::protobuf::internal::ThreadSafeArena::hint_': struct 'std::atomic<google::protobuf::internal::SerialArena *>'에서는 class 'google::protobuf::internal::ThreadSafeArena'의 클라이언트에서 DLL 인터페이스를 사용하도록 지정해야 합니다.
D:\github\vcpkg\installed\x64-windows\include\google\protobuf\arena_impl.h(537): message : 'std::atomic<google::protobuf::internal::SerialArena *>' 선언을 참조하십시오.
D:\github\vcpkg\installed\x64-windows\include\google\protobuf\arena_impl.h(660,30): warning C4251: 'google::protobuf::internal::ThreadSafeArena::arena_stats_': class 'google::protobuf::internal::ThreadSafeArenaStatsHandle'에서는 class 'google::protobuf::internal::ThreadSafeArena'의 클라이언트에서 DLL 인터페이스를 사용하도록 지정해야 합니다.
D:\github\vcpkg\installed\x64-windows\include\google\protobuf\arenaz_sampler.h(159): message : 'google::protobuf::internal::ThreadSafeArenaStatsHandle' 선언을 참조하십시오.
D:\github\vcpkg\installed\x64-windows\include\google\protobuf\arenastring.h(82,43): warning C4251: 'google::protobuf::internal::LazyString::inited_': struct 'std::atomic<const std::string *>'에서는 class 'google::protobuf::internal::LazyString'의 클라이언트에서 DLL 인터페이스를 사용하도록 지정해야 합니다.
D:\github\vcpkg\installed\x64-windows\include\google\protobuf\arenastring.h(82): message : 'std::atomic<const std::string *>' 선언을 참조하십시오.
D:\github\vcpkg\installed\x64-windows\include\google\protobuf\arenastring.h(367,19): warning C4251: 'google::protobuf::internal::ArenaStringPtr::tagged_ptr_': class 'google::protobuf::internal::TaggedStringPtr'에서는 struct 'google::protobuf::internal::ArenaStringPtr'의 클라이언트에서 DLL 인터페이스를 사용하도록 지정해야 합니다.
D:\github\vcpkg\installed\x64-windows\include\google\protobuf\arenastring.h(97): message : 'google::protobuf::internal::TaggedStringPtr' 선언을 참조하십시오.
D:\github\vcpkg\installed\x64-windows\include\google\protobuf\metadata_lite.h(307,15): warning C4251: 'google::protobuf::internal::LiteUnknownFieldSetter::buffer_': class 'std::basic_string<char,std::char_traits<char>,std::allocator<char>>'에서는 class 'google::protobuf::internal::LiteUnknownFieldSetter'의 클라이언트에서 DLL 인터페이스를 사용하도록 지정해야 합니다.
C:\Program Files\Microsoft Visual Studio\2022\Community\VC\Tools\MSVC\14.33.31629\include\xstring(5186): message : 'std::basic_string<char,std::char_traits<char>,std::allocator<char>>' 선언을 참조하십시오.
D:\github\vcpkg\installed\x64-windows\include\google\protobuf\generated_message_util.h(194,20): warning C4251: 'google::protobuf::internal::CachedSize::size_': struct 'std::atomic<int>'에서는 class 'google::protobuf::internal::CachedSize'의 클라이언트에서 DLL 인터페이스를 사용하도록 지정해야 합니다.
C:\Program Files\Microsoft Visual Studio\2022\Community\VC\Tools\MSVC\14.33.31629\include\atomic(2693): message : 'std::atomic<int>' 선언을 참조하십시오.
D:\github\vcpkg\installed\x64-windows\include\google\protobuf\stubs\mutex.h(136,40): warning C4251: 'google::protobuf::internal::WrappedMutex::mu_': class 'google::protobuf::internal::CallOnceInitializedMutex<std::mutex>'에서는 class 'google::protobuf::internal::WrappedMutex'의 클라이언트에서 DLL 인터페이스를 사용하도록 지정해야 합니다.
D:\github\vcpkg\installed\x64-windows\include\google\protobuf\stubs\mutex.h(136): message : 'google::protobuf::internal::CallOnceInitializedMutex<std::mutex>' 선언을 참조하십시오.
D:\github\vcpkg\installed\x64-windows\include\google\protobuf\descriptor.h(2063,27): warning C4251: 'google::protobuf::DescriptorPool::tables_': class 'std::unique_ptr<google::protobuf::DescriptorPool::Tables,std::default_delete<google::protobuf::DescriptorPool::Tables>>'에서는 class 'google::protobuf::DescriptorPool'의 클라이언트에서 DLL 인터페이스를 사용하도록 지정해야 합니다.
D:\github\vcpkg\installed\x64-windows\include\google\protobuf\descriptor.h(2063): message : 'std::unique_ptr<google::protobuf::DescriptorPool::Tables,std::default_delete<google::protobuf::DescriptorPool::Tables>>' 선언을 참조하십시오.
D:\github\vcpkg\installed\x64-windows\include\google\protobuf\descriptor.h(2073,31): warning C4251: 'google::protobuf::DescriptorPool::unused_import_track_files_': class 'std::map<std::string,bool,std::less<std::string>,std::allocator<std::pair<const std::string,bool>>>'에서는 class 'google::protobuf::DescriptorPool'의 클라이언트에서 DLL 인터페이스를 사용하도록 지정해야 합니다.
D:\github\vcpkg\installed\x64-windows\include\google\protobuf\descriptor.h(2073): message : 'std::map<std::string,bool,std::less<std::string>,std::allocator<std::pair<const std::string,bool>>>' 선언을 참조하십시오.
D:\github\vcpkg\installed\x64-windows\include\google\protobuf\io\zero_copy_stream_impl_lite.h(247,30): warning C4251: 'google::protobuf::io::CopyingInputStreamAdaptor::buffer_': class 'std::unique_ptr<uint8_t [],std::default_delete<uint8_t []>>'에서는 class 'google::protobuf::io::CopyingInputStreamAdaptor'의 클라이언트에서 DLL 인터페이스를 사용하도록 지정해야 합니다.
D:\github\vcpkg\installed\x64-windows\include\google\protobuf\io\zero_copy_stream_impl_lite.h(247): message : 'std::unique_ptr<uint8_t [],std::default_delete<uint8_t []>>' 선언을 참조하십시오.
D:\github\vcpkg\installed\x64-windows\include\google\protobuf\io\zero_copy_stream_impl_lite.h(338,30): warning C4251: 'google::protobuf::io::CopyingOutputStreamAdaptor::buffer_': class 'std::unique_ptr<uint8_t [],std::default_delete<uint8_t []>>'에서는 class 'google::protobuf::io::CopyingOutputStreamAdaptor'의 클라이언트에서 DLL 인터페이스를 사용하도록 지정해야 합니다.
D:\github\vcpkg\installed\x64-windows\include\google\protobuf\io\zero_copy_stream_impl_lite.h(247): message : 'std::unique_ptr<uint8_t [],std::default_delete<uint8_t []>>' 선언을 참조하십시오.
D:\github\vcpkg\installed\x64-windows\include\google\protobuf\unknown_field_set.h(211,29): warning C4251: 'google::protobuf::UnknownFieldSet::fields_': class 'std::vector<google::protobuf::UnknownField,std::allocator<google::protobuf::UnknownField>>'에서는 class 'google::protobuf::UnknownFieldSet'의 클라이언트에서 DLL 인터페이스를 사용하도록 지정해야 합니다.
D:\github\vcpkg\installed\x64-windows\include\google\protobuf\unknown_field_set.h(211): message : 'std::vector<google::protobuf::UnknownField,std::allocator<google::protobuf::UnknownField>>' 선언을 참조하십시오.
D:\github\vcpkg\installed\x64-windows\include\google\protobuf\extension_set.h(1057,26): warning C4251: 'google::protobuf::internal::RepeatedPrimitiveDefaults::default_repeated_field_int32_t_': class 'google::protobuf::RepeatedField<int32_t>'에서는 class 'google::protobuf::internal::RepeatedPrimitiveDefaults'의 클라이언트에서 DLL 인터페이스를 사용하도록 지정해야 합니다.
D:\github\vcpkg\installed\x64-windows\include\google\protobuf\repeated_field.h(1193): message : 'google::protobuf::RepeatedField<int32_t>' 선언을 참조하십시오.
D:\github\vcpkg\installed\x64-windows\include\google\protobuf\extension_set.h(1058,26): warning C4251: 'google::protobuf::internal::RepeatedPrimitiveDefaults::default_repeated_field_int64_t_': class 'google::protobuf::RepeatedField<int64_t>'에서는 class 'google::protobuf::internal::RepeatedPrimitiveDefaults'의 클라이언트에서 DLL 인터페이스를 사용하도록 지정해야 합니다.
D:\github\vcpkg\installed\x64-windows\include\google\protobuf\repeated_field.h(1195): message : 'google::protobuf::RepeatedField<int64_t>' 선언을 참조하십시오.
D:\github\vcpkg\installed\x64-windows\include\google\protobuf\extension_set.h(1059,27): warning C4251: 'google::protobuf::internal::RepeatedPrimitiveDefaults::default_repeated_field_uint32_t_': class 'google::protobuf::RepeatedField<uint32_t>'에서는 class 'google::protobuf::internal::RepeatedPrimitiveDefaults'의 클라이언트에서 DLL 인터페이스를 사용하도록 지정해야 합니다.
D:\github\vcpkg\installed\x64-windows\include\google\protobuf\repeated_field.h(1194): message : 'google::protobuf::RepeatedField<uint32_t>' 선언을 참조하십시오.
D:\github\vcpkg\installed\x64-windows\include\google\protobuf\extension_set.h(1060,27): warning C4251: 'google::protobuf::internal::RepeatedPrimitiveDefaults::default_repeated_field_uint64_t_': class 'google::protobuf::RepeatedField<uint64_t>'에서는 class 'google::protobuf::internal::RepeatedPrimitiveDefaults'의 클라이언트에서 DLL 인터페이스를 사용하도록 지정해야 합니다.
D:\github\vcpkg\installed\x64-windows\include\google\protobuf\repeated_field.h(1196): message : 'google::protobuf::RepeatedField<uint64_t>' 선언을 참조하십시오.
D:\github\vcpkg\installed\x64-windows\include\google\protobuf\extension_set.h(1061,25): warning C4251: 'google::protobuf::internal::RepeatedPrimitiveDefaults::default_repeated_field_double_': class 'google::protobuf::RepeatedField<double>'에서는 class 'google::protobuf::internal::RepeatedPrimitiveDefaults'의 클라이언트에서 DLL 인터페이스를 사용하도록 지정해야 합니다.
D:\github\vcpkg\installed\x64-windows\include\google\protobuf\repeated_field.h(1198): message : 'google::protobuf::RepeatedField<double>' 선언을 참조하십시오.
D:\github\vcpkg\installed\x64-windows\include\google\protobuf\extension_set.h(1062,24): warning C4251: 'google::protobuf::internal::RepeatedPrimitiveDefaults::default_repeated_field_float_': class 'google::protobuf::RepeatedField<float>'에서는 class 'google::protobuf::internal::RepeatedPrimitiveDefaults'의 클라이언트에서 DLL 인터페이스를 사용하도록 지정해야 합니다.
D:\github\vcpkg\installed\x64-windows\include\google\protobuf\repeated_field.h(1197): message : 'google::protobuf::RepeatedField<float>' 선언을 참조하십시오.
D:\github\vcpkg\installed\x64-windows\include\google\protobuf\extension_set.h(1063,23): warning C4251: 'google::protobuf::internal::RepeatedPrimitiveDefaults::default_repeated_field_bool_': class 'google::protobuf::RepeatedField<bool>'에서는 class 'google::protobuf::internal::RepeatedPrimitiveDefaults'의 클라이언트에서 DLL 인터페이스를 사용하도록 지정해야 합니다.
D:\github\vcpkg\installed\x64-windows\include\google\protobuf\repeated_field.h(1192): message : 'google::protobuf::RepeatedField<bool>' 선언을 참조하십시오.
D:\github\gRPC_testing\cpp_gRPC\cpp_gRPC\main.cpp(16,42): warning C4267: '초기화 중': 'size_t'에서 'int'(으)로 변환하면서 데이터가 손실될 수 있습니다.
  cpp_gRPC.vcxproj -> D:\github\gRPC_testing\cpp_gRPC\x64\Debug\cpp_gRPC.exe
